INFO [2019-08-22 09:26:32] Running createSpatialPointsVideo_exec.R version 0.1.1
DEBUG [2019-08-22 09:26:33] R session:

R version 3.5.2 (2018-12-20)
Platform: x86_64-apple-darwin15.6.0 (64-bit)
Running under: macOS Sierra 10.12.6

Matrix products: default
BLAS: /Library/Frameworks/R.framework/Versions/3.5/Resources/lib/libRblas.0.dylib
LAPACK: /Library/Frameworks/R.framework/Versions/3.5/Resources/lib/libRlapack.dylib

locale:
[1] en_US.UTF-8/en_US.UTF-8/en_US.UTF-8/C/en_US.UTF-8/en_US.UTF-8

attached base packages:
[1] stats     graphics  grDevices utils     datasets  methods   base     

other attached packages:
[1] optparse_1.6.2             MazamaSpatialUtils_0.6.1  
[3] sp_1.3-1                   MazamaSatelliteUtils_0.1.2
[5] MazamaCoreUtils_0.1.3      futile.logger_1.4.3       

loaded via a namespace (and not attached):
 [1] Rcpp_1.0.1           lattice_0.20-38      codetools_0.2-15    
 [4] grid_3.5.2           futile.options_1.0.1 formatR_1.5         
 [7] magrittr_1.5         ncdf4_1.16.1         rlang_0.4.0         
[10] getopt_1.20.3        raster_2.8-4         lambda.r_1.2.3      
[13] rgdal_1.3-6          compiler_3.5.2      

INFO [2019-08-22 09:26:33] Loading data file for 2019-06-01 06
INFO [2019-08-22 09:27:10] Generating frame for 06:01:41
INFO [2019-08-22 09:27:12] Generating frame for 06:06:41
INFO [2019-08-22 09:27:12] Generating frame for 06:11:41
INFO [2019-08-22 09:27:13] Generating frame for 06:16:41
INFO [2019-08-22 09:27:14] Generating frame for 06:21:41
INFO [2019-08-22 09:27:15] Generating frame for 06:26:41
INFO [2019-08-22 09:27:16] Generating frame for 06:31:41
INFO [2019-08-22 09:27:17] Generating frame for 06:36:41
INFO [2019-08-22 09:27:18] Generating frame for 06:41:41
INFO [2019-08-22 09:27:18] Generating frame for 06:46:41
INFO [2019-08-22 09:27:19] Generating frame for 06:51:41
INFO [2019-08-22 09:27:20] Generating frame for 06:56:41
INFO [2019-08-22 09:27:21] Loading data file for 2019-06-01 07
INFO [2019-08-22 09:27:56] Generating frame for 07:01:41
INFO [2019-08-22 09:27:57] Generating frame for 07:06:41
INFO [2019-08-22 09:27:58] Generating frame for 07:11:41
INFO [2019-08-22 09:27:59] Generating frame for 07:16:41
INFO [2019-08-22 09:28:00] Generating frame for 07:21:41
INFO [2019-08-22 09:28:01] Generating frame for 07:26:41
INFO [2019-08-22 09:28:02] Generating frame for 07:31:41
INFO [2019-08-22 09:28:03] Generating frame for 07:36:41
INFO [2019-08-22 09:28:03] Generating frame for 07:41:41
INFO [2019-08-22 09:28:04] Generating frame for 07:46:41
INFO [2019-08-22 09:28:05] Generating frame for 07:51:41
INFO [2019-08-22 09:28:06] Generating frame for 07:56:41
INFO [2019-08-22 09:28:07] Loading data file for 2019-06-01 08
INFO [2019-08-22 09:28:39] Generating frame for 08:01:41
INFO [2019-08-22 09:28:40] Generating frame for 08:06:41
INFO [2019-08-22 09:28:41] Generating frame for 08:11:41
INFO [2019-08-22 09:28:42] Generating frame for 08:16:41
INFO [2019-08-22 09:28:43] Generating frame for 08:21:41
INFO [2019-08-22 09:28:43] Generating frame for 08:26:41
INFO [2019-08-22 09:28:44] Generating frame for 08:31:41
INFO [2019-08-22 09:28:45] Generating frame for 08:36:41
INFO [2019-08-22 09:28:46] Generating frame for 08:41:41
INFO [2019-08-22 09:28:47] Generating frame for 08:46:41
INFO [2019-08-22 09:28:48] Generating frame for 08:51:41
INFO [2019-08-22 09:28:48] Generating frame for 08:56:41
INFO [2019-08-22 09:28:49] Loading data file for 2019-06-01 09
INFO [2019-08-22 09:29:22] Generating frame for 09:01:41
INFO [2019-08-22 09:29:23] Generating frame for 09:06:41
INFO [2019-08-22 09:29:24] Generating frame for 09:11:41
INFO [2019-08-22 09:29:25] Generating frame for 09:16:41
INFO [2019-08-22 09:29:26] Generating frame for 09:21:41
INFO [2019-08-22 09:29:27] Generating frame for 09:26:41
INFO [2019-08-22 09:29:28] Generating frame for 09:31:41
INFO [2019-08-22 09:29:28] Generating frame for 09:36:41
INFO [2019-08-22 09:29:29] Generating frame for 09:41:41
INFO [2019-08-22 09:29:30] Generating frame for 09:46:41
INFO [2019-08-22 09:29:31] Generating frame for 09:51:41
INFO [2019-08-22 09:29:32] Generating frame for 09:56:41
INFO [2019-08-22 09:29:32] Loading data file for 2019-06-01 10
INFO [2019-08-22 09:30:09] Generating frame for 10:01:41
INFO [2019-08-22 09:30:10] Generating frame for 10:06:41
INFO [2019-08-22 09:30:11] Generating frame for 10:11:41
INFO [2019-08-22 09:30:12] Generating frame for 10:16:41
INFO [2019-08-22 09:30:13] Generating frame for 10:21:41
INFO [2019-08-22 09:30:14] Generating frame for 10:26:41
INFO [2019-08-22 09:30:14] Generating frame for 10:31:41
INFO [2019-08-22 09:30:15] Generating frame for 10:36:41
INFO [2019-08-22 09:30:16] Generating frame for 10:41:41
INFO [2019-08-22 09:30:17] Generating frame for 10:46:41
INFO [2019-08-22 09:30:18] Generating frame for 10:51:41
INFO [2019-08-22 09:30:19] Generating frame for 10:56:41
INFO [2019-08-22 09:30:19] Loading data file for 2019-06-01 11
INFO [2019-08-22 09:30:52] Generating frame for 11:01:41
INFO [2019-08-22 09:30:53] Generating frame for 11:06:41
INFO [2019-08-22 09:30:54] Generating frame for 11:11:41
INFO [2019-08-22 09:30:55] Generating frame for 11:16:41
INFO [2019-08-22 09:30:55] Generating frame for 11:21:41
INFO [2019-08-22 09:30:56] Generating frame for 11:26:41
INFO [2019-08-22 09:30:57] Generating frame for 11:31:41
INFO [2019-08-22 09:30:58] Generating frame for 11:36:41
INFO [2019-08-22 09:30:59] Generating frame for 11:41:41
INFO [2019-08-22 09:31:00] Generating frame for 11:46:41
INFO [2019-08-22 09:31:00] Generating frame for 11:51:41
INFO [2019-08-22 09:31:01] Generating frame for 11:56:41
INFO [2019-08-22 09:31:02] Calling ffmpeg to make video from frames
INFO [2019-08-22 09:31:03] Completed successfully!
ERROR [2019-08-22 09:31:03] No errors
